<?xml version="1.0" encoding="UTF-8"?>
<!-- Generated by org.testng.reporters.JUnitReportReporter -->
<testsuite hostname="DESKTOP-GGFJR1A" failures="0" tests="1" name="run.RunTest" time="24.668" errors="0" timestamp="2022-12-20T15:20:48 COT" skipped="0">
  <testcase classname="run.RunTest" name="runScenario" time="24.668"/>
  <system-out/>
</testsuite> <!-- run.RunTest -->
