<?xml version="1.0" encoding="UTF-8"?>
<!-- Generated by org.testng.reporters.JUnitReportReporter -->
<testsuite hostname="DESKTOP-GGFJR1A" failures="0" tests="1" name="run.RunTest" time="53.691" errors="0" timestamp="2023-03-30T10:30:47 COT" skipped="0">
  <testcase classname="run.RunTest" name="runScenario" time="53.691"/>
  <system-out/>
</testsuite> <!-- run.RunTest -->
